<?xml version="1.0" encoding="UTF-8"?>
<!-- Generated by org.testng.reporters.JUnitReportReporter -->
<testsuite hostname="Mohammads-MacBook-Pro-3.local" name="homepage.TestHomePage" tests="1" failures="0" timestamp="28 Jun 2019 18:56:13 GMT" time="14.381" errors="0">
  <testcase name="showLogo" time="14.381" classname="homepage.TestHomePage"/>
</testsuite> <!-- homepage.TestHomePage -->
