<?xml version="1.0" encoding="UTF-8"?>
<!-- Generated by org.testng.reporters.JUnitReportReporter -->
<testsuite hostname="Mohammads-MacBook-Pro-3.local" name="homepage.TestHomePage" tests="1" failures="0" timestamp="28 Jun 2019 18:56:50 GMT" time="34.755" errors="0">
  <testcase name="clickonPolitics" time="34.755" classname="homepage.TestHomePage"/>
</testsuite> <!-- homepage.TestHomePage -->
